\BOOKMARK [1][-]{section.1}{R\351visions}{}% 1
\BOOKMARK [2][-]{subsection.1.1}{Fonctions \351l\351mentaires}{section.1}% 2
\BOOKMARK [2][-]{subsection.1.2}{Primitives basiques}{section.1}% 3
\BOOKMARK [2][-]{subsection.1.3}{Calcul de primitives}{section.1}% 4
\BOOKMARK [2][-]{subsection.1.4}{\(Fractions rationnelles\)}{section.1}% 5
\BOOKMARK [3][-]{subsubsection.1.4.1}{Polyn\364mes en sinus et cosinus}{subsection.1.4}% 6
\BOOKMARK [3][-]{subsubsection.1.4.2}{Changement de variables}{subsection.1.4}% 7
\BOOKMARK [1][-]{section.2}{Alg\350bres de Boole de parties d'un ensemble et mesures}{}% 8
\BOOKMARK [2][-]{subsection.2.1}{Int\351gration basique}{section.2}% 9
\BOOKMARK [2][-]{subsection.2.2}{Quelques applications}{section.2}% 10
\BOOKMARK [1][-]{section.3}{Int\351gration \351l\351mentaire \(2\350me partie\)}{}% 11
\BOOKMARK [1][-]{section.4}{Int\351grales impropres}{}% 12
\BOOKMARK [1][-]{section.5}{S\351ries de Fourier}{}% 13
\BOOKMARK [1][-]{section.6}{Int\351grales curvilignes}{}% 14
\BOOKMARK [1][-]{section.7}{Int\351grales doubles }{}% 15
\BOOKMARK [1][-]{section.8}{Espaces probabilis\351s, variables al\351atoires discr\350tes}{}% 16
\BOOKMARK [2][-]{subsection.8.1}{Espaces de probabilit\351}{section.8}% 17
\BOOKMARK [2][-]{subsection.8.2}{Probabilit\351s conditionnelles et ind\351pendance}{section.8}% 18
\BOOKMARK [2][-]{subsection.8.3}{Variables discr\350tes}{section.8}% 19
\BOOKMARK [1][-]{section.9}{Espaces probabilis\351s, variables al\351atoires \340 densit\351}{}% 20
