\BOOKMARK [1][-]{section.1}{1. Introduction}{}% 1
\BOOKMARK [2][-]{subsection.1.1}{1.1. Involutions}{section.1}% 2
\BOOKMARK [2][-]{subsection.1.2}{1.2. Arcs on a punctured surface}{section.1}% 3
\BOOKMARK [2][-]{subsection.1.3}{1.3. Representing arcs as matrices}{section.1}% 4
\BOOKMARK [2][-]{subsection.1.4}{1.4. Philosophy}{section.1}% 5
\BOOKMARK [1][-]{section.2}{2. Klein four group and the Burnside Lemma}{}% 6
\BOOKMARK [2][-]{subsection.2.1}{2.1. Extending}{section.2}% 7
\BOOKMARK [2][-]{subsection.2.2}{2.2. The case p=11}{section.2}% 8
\BOOKMARK [1][-]{section.3}{3. Counting sums of squares}{}% 9
\BOOKMARK [2][-]{subsection.3.1}{3.1. From solutions to -orbits}{section.3}% 10
\BOOKMARK [2][-]{subsection.3.2}{3.2. From \(2\) orbits to arcs}{section.3}% 11
\BOOKMARK [2][-]{subsection.3.3}{3.3. Real part and reduction modulo n}{section.3}% 12
\BOOKMARK [1][-]{section.4}{4. Inversions}{}% 13
\BOOKMARK [1][-]{section.5}{5. Congruence subgroups}{}% 14
\BOOKMARK [2][-]{subsection.5.1}{5.1. Cusp regions on H/ 0t\(2\)}{section.5}% 15
\BOOKMARK [2][-]{subsection.5.2}{5.2. Arcs on H/ 0t\(2\)}{section.5}% 16
\BOOKMARK [1][-]{section.6}{6. Lifting involutions}{}% 17
\BOOKMARK [2][-]{subsection.6.1}{6.1. Some matrix algebra}{section.6}% 18
\BOOKMARK [2][-]{subsection.6.2}{6.2. Explicit formulas for square roots in Fp}{section.6}% 19
\BOOKMARK [1][-]{section*.6}{References}{}% 20
