\BOOKMARK [1][-]{section.1}{1. Introduction}{}% 1
\BOOKMARK [2][-]{subsection.1.1}{1.1. Organisation, Remarks}{section.1}% 2
\BOOKMARK [2][-]{subsection.1.2}{1.2. Thanks}{section.1}% 3
\BOOKMARK [1][-]{section.2}{2. Burnside Lemma}{}% 4
\BOOKMARK [2][-]{section*.1}{Note}{section.2}% 5
\BOOKMARK [1][-]{section.3}{3. Automorphisms of the three punctured sphere}{}% 6
\BOOKMARK [2][-]{subsection.3.1}{3.1. Automorphism groups}{section.3}% 7
\BOOKMARK [2][-]{subsection.3.2}{3.2. Orientation reversing automorphisms}{section.3}% 8
\BOOKMARK [2][-]{subsection.3.3}{3.3. Another Klein four group.}{section.3}% 9
\BOOKMARK [2][-]{subsection.3.4}{3.4. Fixed point sets }{section.3}% 10
\BOOKMARK [1][-]{section.4}{4. Action on a family of geodesics}{}% 11
\BOOKMARK [2][-]{subsection.4.1}{4.1. Ford circles, lengths, midpoints}{section.4}% 12
\BOOKMARK [2][-]{subsection.4.2}{4.2. The Group action}{section.4}% 13
\BOOKMARK [1][-]{section.5}{5. Proof of Fermat's Theorem}{}% 14
\BOOKMARK [2][-]{subsection.5.1}{5.1. The singular case of Lemma 5.1}{section.5}% 15
\BOOKMARK [2][-]{subsection.5.2}{5.2. Inversions and fixed geodesics}{section.5}% 16
\BOOKMARK [2][-]{subsection.5.3}{5.3. Exactly two fixed geodesics.}{section.5}% 17
\BOOKMARK [1][-]{section.6}{6. Appendix: Markoff numbers}{}% 18
\BOOKMARK [2][-]{subsection.6.1}{6.1. Markoff cubic}{section.6}% 19
\BOOKMARK [2][-]{subsection.6.2}{6.2. Character Variety}{section.6}% 20
\BOOKMARK [2][-]{subsection.6.3}{6.3. \040lengths}{section.6}% 21
\BOOKMARK [2][-]{subsection.6.4}{6.4. Sum of squares}{section.6}% 22
\BOOKMARK [2][-]{subsection.6.5}{6.5. Uniqueness of Markoff Numbers}{section.6}% 23
\BOOKMARK [1][-]{section*.6}{References}{}% 24
