\BOOKMARK [1][-]{section.1}{1. Introduction}{}% 1
\BOOKMARK [2][-]{subsection.1.1}{1.1. Organisation and Remarks}{section.1}% 2
\BOOKMARK [2][-]{subsection.1.2}{1.2. Thanks}{section.1}% 3
\BOOKMARK [1][-]{section.2}{2. Burnside's Lemma}{}% 4
\BOOKMARK [2][-]{section*.1}{Note}{section.2}% 5
\BOOKMARK [1][-]{section.3}{3. Reciprocals of sums of squares and arcs}{}% 6
\BOOKMARK [2][-]{subsection.3.1}{3.1. Ford circles, lengths, midpoints}{section.3}% 7
\BOOKMARK [2][-]{subsection.3.2}{3.2. Sums of squares}{section.3}% 8
\BOOKMARK [2][-]{subsection.3.3}{3.3. Relation with square roots of -1}{section.3}% 9
\BOOKMARK [1][-]{section.4}{4. The three punctured sphere}{}% 10
\BOOKMARK [2][-]{subsection.4.1}{4.1. Automorphism groups of H/\(2\)}{section.4}% 11
\BOOKMARK [2][-]{subsection.4.2}{4.2. Orientation reversing automorphisms}{section.4}% 12
\BOOKMARK [2][-]{subsection.4.3}{4.3. Fixed point sets }{section.4}% 13
\BOOKMARK [1][-]{section.5}{5. Action on a family of arcs}{}% 14
\BOOKMARK [2][-]{subsection.5.1}{5.1. Canonical lifts}{section.5}% 15
\BOOKMARK [1][-]{section.6}{6. Proof of Fermat's Theorem}{}% 16
\BOOKMARK [2][-]{subsection.6.1}{6.1. The singular case of Lemma 6.1}{section.6}% 17
\BOOKMARK [2][-]{subsection.6.2}{6.2. Inversions and fixed points in X}{section.6}% 18
\BOOKMARK [2][-]{subsection.6.3}{6.3. Composite integers}{section.6}% 19
\BOOKMARK [1][-]{section.7}{7. Concluding remarks}{}% 20
\BOOKMARK [1][-]{section*.8}{References}{}% 21
